SF:lib/repository/todo_repository.dart
DA:8,3
DA:12,1
DA:13,2
DA:14,1
DA:17,1
DA:19,1
DA:22,1
DA:24,2
DA:26,2
DA:29,1
DA:30,3
DA:31,1
DA:33,1
DA:35,0
DA:39,1
DA:42,1
DA:44,2
DA:45,2
DA:48,2
DA:49,0
DA:53,1
DA:56,1
DA:57,1
DA:58,1
DA:59,3
DA:64,1
DA:67,2
DA:69,5
DA:72,1
DA:73,0
DA:74,0
DA:77,0
DA:81,1
DA:84,1
DA:87,1
DA:90,1
DA:91,1
DA:93,5
DA:96,2
DA:99,3
DA:102,1
DA:103,0
DA:104,0
DA:107,0
DA:111,1
DA:114,1
DA:117,2
DA:119,1
DA:121,0
LF:49
LH:40
end_of_record
SF:lib/utils/result.dart
DA:13,3
DA:16,2
DA:19,2
DA:24,2
DA:32,2
LF:5
LH:5
end_of_record
SF:lib/view_models/add_todo/add_todo_event.dart
DA:4,1
DA:8,1
DA:14,1
DA:20,1
DA:24,1
LF:5
LH:5
end_of_record
SF:lib/view_models/add_todo/add_todo_bloc.dart
DA:11,1
DA:14,1
DA:15,2
DA:16,2
DA:17,2
DA:18,2
DA:24,1
DA:28,1
DA:29,2
DA:30,1
DA:37,1
DA:41,1
DA:42,2
DA:43,1
DA:50,1
DA:54,1
DA:55,2
DA:61,2
DA:62,2
DA:63,2
DA:67,1
DA:68,1
DA:69,2
DA:75,1
DA:76,1
DA:77,2
DA:86,1
DA:90,1
DA:91,2
LF:29
LH:29
end_of_record
SF:lib/view_models/add_todo/add_todo_state.dart
DA:16,2
DA:26,1
DA:33,1
DA:34,1
DA:35,1
DA:36,1
DA:37,1
DA:38,1
DA:42,1
DA:44,6
DA:46,0
DA:47,0
DA:48,0
DA:49,0
LF:14
LH:10
end_of_record
SF:lib/models/todo_model.dart
DA:11,1
DA:18,1
DA:19,1
DA:20,1
DA:21,1
DA:22,1
DA:23,1
DA:27,1
DA:28,1
DA:29,1
DA:30,1
DA:31,1
DA:32,1
DA:36,0
DA:37,0
DA:38,0
DA:39,0
DA:40,0
DA:41,0
LF:19
LH:13
end_of_record
SF:lib/repository/secure_storage.dart
DA:10,0
DA:13,0
DA:14,0
DA:18,0
DA:21,0
DA:29,0
DA:33,0
DA:36,0
DA:44,0
DA:47,0
DA:49,0
DA:56,0
DA:59,0
DA:61,0
LF:14
LH:0
end_of_record
