SF:lib/repository/todo_repository.dart
DA:8,0
DA:10,0
DA:11,0
DA:14,0
DA:16,0
DA:19,0
DA:21,0
DA:23,0
DA:26,0
DA:27,0
DA:28,0
DA:30,0
DA:32,0
DA:36,0
DA:39,0
DA:41,0
DA:42,0
DA:45,0
DA:46,0
DA:50,0
DA:53,0
DA:54,0
DA:55,0
DA:56,0
DA:61,0
DA:64,0
DA:66,0
DA:69,0
DA:70,0
DA:71,0
DA:74,0
LF:31
LH:0
end_of_record
SF:lib/utils/result.dart
DA:13,2
DA:16,0
DA:19,0
DA:24,1
DA:32,1
LF:5
LH:3
end_of_record
SF:lib/view_models/add_todo/add_todo_event.dart
DA:4,2
DA:8,1
DA:14,1
DA:20,2
DA:24,2
LF:5
LH:5
end_of_record
SF:lib/view_models/add_todo/add_todo_bloc.dart
DA:11,1
DA:14,1
DA:15,2
DA:16,2
DA:17,2
DA:18,2
DA:24,1
DA:28,1
DA:29,2
DA:30,1
DA:37,1
DA:41,1
DA:42,2
DA:43,1
DA:50,1
DA:54,1
DA:55,2
DA:61,2
DA:62,2
DA:63,2
DA:67,1
DA:68,1
DA:69,2
DA:75,1
DA:76,1
DA:77,2
DA:86,1
DA:90,1
DA:91,2
LF:29
LH:29
end_of_record
SF:lib/view_models/add_todo/add_todo_state.dart
DA:16,3
DA:26,1
DA:33,1
DA:34,1
DA:35,1
DA:36,1
DA:37,1
DA:38,1
DA:42,1
DA:44,6
DA:46,0
DA:47,0
DA:48,0
DA:49,0
LF:14
LH:10
end_of_record
SF:lib/models/todo_model.dart
DA:11,0
DA:18,0
DA:19,0
DA:20,0
DA:21,0
DA:22,0
DA:23,0
DA:27,0
DA:28,0
DA:29,0
DA:30,0
DA:31,0
DA:32,0
DA:36,0
DA:37,0
DA:38,0
DA:39,0
DA:40,0
DA:41,0
LF:19
LH:0
end_of_record
SF:lib/repository/secure_storage.dart
DA:10,0
DA:13,0
DA:14,0
DA:18,0
DA:21,0
DA:29,0
DA:33,0
DA:36,0
DA:44,0
DA:47,0
DA:49,0
DA:56,0
DA:59,0
DA:61,0
LF:14
LH:0
end_of_record
SF:lib/main.dart
DA:4,0
DA:5,0
LF:2
LH:0
end_of_record
SF:lib/app/app.dart
DA:10,1
DA:13,0
DA:17,0
DA:22,0
DA:23,0
DA:24,0
DA:27,0
DA:28,0
LF:8
LH:1
end_of_record
SF:lib/router/router.dart
DA:11,0
DA:12,0
DA:13,0
DA:15,0
DA:16,0
DA:19,0
DA:20,0
DA:21,0
DA:22,0
DA:26,0
DA:29,0
DA:30,0
DA:31,0
DA:37,0
LF:14
LH:0
end_of_record
SF:lib/screens/add_todo.dart
DA:21,1
DA:28,0
DA:29,0
DA:39,0
DA:41,0
DA:42,0
DA:43,0
DA:49,0
DA:50,0
DA:51,0
DA:52,0
DA:53,0
DA:58,0
DA:59,0
DA:67,0
DA:68,0
DA:69,0
DA:73,0
DA:76,0
DA:80,0
DA:81,0
DA:90,0
DA:91,0
DA:92,0
DA:97,0
DA:100,0
DA:104,0
DA:105,0
DA:113,0
DA:123,0
DA:125,0
DA:126,0
DA:127,0
DA:131,0
DA:133,0
DA:134,0
DA:135,0
DA:138,0
DA:141,0
DA:142,0
DA:144,0
DA:145,0
DA:146,0
DA:148,0
DA:150,0
DA:151,0
DA:157,0
DA:158,0
DA:159,0
DA:161,0
DA:163,0
DA:165,0
DA:167,0
DA:168,0
DA:170,0
DA:171,0
DA:176,0
DA:177,0
DA:182,0
DA:183,0
DA:187,0
DA:188,0
DA:190,0
DA:191,0
DA:198,0
DA:214,1
DA:216,0
DA:218,0
DA:219,0
DA:242,0
DA:244,0
LF:71
LH:2
end_of_record
SF:lib/screens/home.dart
DA:9,1
DA:13,0
DA:19,0
DA:25,0
DA:27,0
DA:28,0
DA:29,0
DA:34,0
DA:35,0
DA:36,0
DA:37,0
DA:38,0
DA:39,0
DA:40,0
DA:41,0
DA:42,0
DA:43,0
DA:45,0
DA:46,0
DA:47,0
DA:49,0
DA:50,0
DA:52,0
DA:59,0
DA:68,0
DA:70,0
DA:71,0
DA:72,0
DA:73,0
DA:74,0
LF:30
LH:1
end_of_record
SF:lib/view_models/home/home_event.dart
DA:4,2
DA:8,2
LF:2
LH:2
end_of_record
SF:lib/view_models/home/home_state.dart
DA:9,1
DA:17,0
DA:18,0
DA:20,0
DA:25,0
DA:26,0
DA:27,0
DA:28,0
LF:8
LH:1
end_of_record
SF:lib/view_models/home/home_bloc.dart
DA:12,0
DA:15,0
DA:16,0
DA:21,0
DA:25,0
DA:28,0
DA:30,0
DA:31,0
DA:32,0
DA:33,0
DA:38,0
DA:39,0
DA:40,0
DA:41,0
DA:48,0
DA:49,0
LF:16
LH:0
end_of_record
